# JRE version: OpenJDK Runtime Environment (11.0.8+10) (build 11.0.8+10-b944.6842174)
# Java VM: OpenJDK 64-Bit Server VM (11.0.8+10-b944.6842174, mixed mode, tiered, compressed oops, g1 gc, windows-amd64)
Heap:
 garbage-first heap   total 790528K, used 129779K [0x0000000080000000, 0x0000000100000000)
  region size 1024K, 1 young (1024K), 1 survivors (1024K)
 Metaspace       used 124081K, capacity 128714K, committed 128848K, reserved 1161216K
  class space    used 15083K, capacity 16642K, committed 16768K, reserved 1048576K
GC Heap History (20 events):
Event: 4519.412 GC heap after
{Heap after GC invocations=228 (full 0):
 garbage-first heap   total 398336K, used 141910K [0x0000000080000000, 0x0000000100000000)
  region size 1024K, 1 young (1024K), 1 survivors (1024K)
 Metaspace       used 124065K, capacity 128690K, committed 128720K, reserved 1161216K
  class space    used 15080K, capacity 16635K, committed 16640K, reserved 1048576K
}
Event: 4520.679 GC heap before
{Heap before GC invocations=228 (full 0):
 garbage-first heap   total 398336K, used 160342K [0x0000000080000000, 0x0000000100000000)
  region size 1024K, 19 young (19456K), 1 survivors (1024K)
 Metaspace       used 124065K, capacity 128690K, committed 128720K, reserved 1161216K
  class space    used 15080K, capacity 16635K, committed 16640K, reserved 1048576K
}
Event: 4521.265 GC heap after
{Heap after GC invocations=229 (full 0):
 garbage-first heap   total 398336K, used 139783K [0x0000000080000000, 0x0000000100000000)
  region size 1024K, 1 young (1024K), 1 survivors (1024K)
 Metaspace       used 124065K, capacity 128690K, committed 128720K, reserved 1161216K
  class space    used 15080K, capacity 16635K, committed 16640K, reserved 1048576K
}
Event: 4522.114 GC heap before
{Heap before GC invocations=229 (full 0):
 garbage-first heap   total 398336K, used 157191K [0x0000000080000000, 0x0000000100000000)
  region size 1024K, 19 young (19456K), 1 survivors (1024K)
 Metaspace       used 124080K, capacity 128714K, committed 128848K, reserved 1161216K
  class space    used 15083K, capacity 16642K, committed 16768K, reserved 1048576K
}
Event: 4522.734 GC heap after
{Heap after GC invocations=230 (full 0):
 garbage-first heap   total 466944K, used 140129K [0x0000000080000000, 0x0000000100000000)
  region size 1024K, 2 young (2048K), 2 survivors (2048K)
 Metaspace       used 124080K, capacity 128714K, committed 128848K, reserved 1161216K
  class space    used 15083K, capacity 16642K, committed 16768K, reserved 1048576K
}
Event: 4523.250 GC heap before
{Heap before GC invocations=230 (full 0):
 garbage-first heap   total 466944K, used 145249K [0x0000000080000000, 0x0000000100000000)
  region size 1024K, 22 young (22528K), 2 survivors (2048K)
 Metaspace       used 124080K, capacity 128714K, committed 128848K, reserved 1161216K
  class space    used 15083K, capacity 16642K, committed 16768K, reserved 1048576K
}
Event: 4523.271 GC heap after
{Heap after GC invocations=231 (full 0):
 garbage-first heap   total 466944K, used 125031K [0x0000000080000000, 0x0000000100000000)
  region size 1024K, 2 young (2048K), 2 survivors (2048K)
 Metaspace       used 124080K, capacity 128714K, committed 128848K, reserved 1161216K
  class space    used 15083K, capacity 16642K, committed 16768K, reserved 1048576K
}
Event: 4523.760 GC heap before
{Heap before GC invocations=232 (full 0):
 garbage-first heap   total 466944K, used 144487K [0x0000000080000000, 0x0000000100000000)
  region size 1024K, 22 young (22528K), 2 survivors (2048K)
 Metaspace       used 124080K, capacity 128714K, committed 128848K, reserved 1161216K
  class space    used 15083K, capacity 16642K, committed 16768K, reserved 1048576K
}
Event: 4523.773 GC heap after
{Heap after GC invocations=233 (full 0):
 garbage-first heap   total 466944K, used 125250K [0x0000000080000000, 0x0000000100000000)
  region size 1024K, 2 young (2048K), 2 survivors (2048K)
 Metaspace       used 124080K, capacity 128714K, committed 128848K, reserved 1161216K
  class space    used 15083K, capacity 16642K, committed 16768K, reserved 1048576K
}
Event: 4524.028 GC heap before
{Heap before GC invocations=233 (full 0):
 garbage-first heap   total 466944K, used 144706K [0x0000000080000000, 0x0000000100000000)
  region size 1024K, 22 young (22528K), 2 survivors (2048K)
 Metaspace       used 124080K, capacity 128714K, committed 128848K, reserved 1161216K
  class space    used 15083K, capacity 16642K, committed 16768K, reserved 1048576K
}
Event: 4524.572 GC heap after
{Heap after GC invocations=234 (full 0):
 garbage-first heap   total 466944K, used 123502K [0x0000000080000000, 0x0000000100000000)
  region size 1024K, 2 young (2048K), 2 survivors (2048K)
 Metaspace       used 124080K, capacity 128714K, committed 128848K, reserved 1161216K
  class space    used 15083K, capacity 16642K, committed 16768K, reserved 1048576K
}
Event: 4617.371 GC heap before
{Heap before GC invocations=234 (full 0):
 garbage-first heap   total 466944K, used 142958K [0x0000000080000000, 0x0000000100000000)
  region size 1024K, 22 young (22528K), 2 survivors (2048K)
 Metaspace       used 124080K, capacity 128714K, committed 128848K, reserved 1161216K
  class space    used 15083K, capacity 16642K, committed 16768K, reserved 1048576K
}
Event: 4617.387 GC heap after
{Heap after GC invocations=235 (full 0):
 garbage-first heap   total 466944K, used 124358K [0x0000000080000000, 0x0000000100000000)
  region size 1024K, 3 young (3072K), 3 survivors (3072K)
 Metaspace       used 124080K, capacity 128714K, committed 128848K, reserved 1161216K
  class space    used 15083K, capacity 16642K, committed 16768K, reserved 1048576K
}
Event: 4619.779 GC heap before
{Heap before GC invocations=236 (full 0):
 garbage-first heap   total 466944K, used 143814K [0x0000000080000000, 0x0000000100000000)
  region size 1024K, 22 young (22528K), 3 survivors (3072K)
 Metaspace       used 124080K, capacity 128714K, committed 128848K, reserved 1161216K
  class space    used 15083K, capacity 16642K, committed 16768K, reserved 1048576K
}
Event: 4620.354 GC heap after
{Heap after GC invocations=237 (full 0):
 garbage-first heap   total 466944K, used 127672K [0x0000000080000000, 0x0000000100000000)
  region size 1024K, 3 young (3072K), 3 survivors (3072K)
 Metaspace       used 124080K, capacity 128714K, committed 128848K, reserved 1161216K
  class space    used 15083K, capacity 16642K, committed 16768K, reserved 1048576K
}
Event: 4620.855 GC heap before
{Heap before GC invocations=237 (full 0):
 garbage-first heap   total 466944K, used 146104K [0x0000000080000000, 0x0000000100000000)
  region size 1024K, 22 young (22528K), 3 survivors (3072K)
 Metaspace       used 124080K, capacity 128714K, committed 128848K, reserved 1161216K
  class space    used 15083K, capacity 16642K, committed 16768K, reserved 1048576K
}
Event: 4620.887 GC heap after
{Heap after GC invocations=238 (full 0):
 garbage-first heap   total 466944K, used 129084K [0x0000000080000000, 0x0000000100000000)
  region size 1024K, 3 young (3072K), 3 survivors (3072K)
 Metaspace       used 124080K, capacity 128714K, committed 128848K, reserved 1161216K
  class space    used 15083K, capacity 16642K, committed 16768K, reserved 1048576K
}
Event: 4621.010 GC heap before
{Heap before GC invocations=238 (full 0):
 garbage-first heap   total 466944K, used 147516K [0x0000000080000000, 0x0000000100000000)
  region size 1024K, 22 young (22528K), 3 survivors (3072K)
 Metaspace       used 124080K, capacity 128714K, committed 128848K, reserved 1161216K
  class space    used 15083K, capacity 16642K, committed 16768K, reserved 1048576K
}
Event: 4621.850 GC heap after
{Heap after GC invocations=239 (full 0):
 garbage-first heap   total 466944K, used 129478K [0x0000000080000000, 0x0000000100000000)
  region size 1024K, 1 young (1024K), 1 survivors (1024K)
 Metaspace       used 124080K, capacity 128714K, committed 128848K, reserved 1161216K
  class space    used 15083K, capacity 16642K, committed 16768K, reserved 1048576K
}
Event: 4622.650 GC heap before
{Heap before GC invocations=239 (full 0):
 garbage-first heap   total 466944K, used 149958K [0x0000000080000000, 0x0000000100000000)
  region size 1024K, 22 young (22528K), 1 survivors (1024K)
 Metaspace       used 124081K, capacity 128714K, committed 128848K, reserved 1161216K
  class space    used 15083K, capacity 16642K, committed 16768K, reserved 1048576K
}

