# JRE version: OpenJDK Runtime Environment (11.0.8+10) (build 11.0.8+10-b944.6842174)
# Java VM: OpenJDK 64-Bit Server VM (11.0.8+10-b944.6842174, mixed mode, tiered, compressed oops, g1 gc, windows-amd64)
Heap:
 garbage-first heap   total 95232K, used 47818K [0x0000000080000000, 0x0000000100000000)
  region size 1024K, 2 young (2048K), 2 survivors (2048K)
 Metaspace       used 53063K, capacity 54367K, committed 54524K, reserved 1105920K
  class space    used 6724K, capacity 7177K, committed 7296K, reserved 1048576K
GC Heap History (20 events):
Event: 11.844 GC heap before
{Heap before GC invocations=7 (full 0):
 garbage-first heap   total 78848K, used 43963K [0x0000000080000000, 0x0000000100000000)
  region size 1024K, 29 young (29696K), 3 survivors (3072K)
 Metaspace       used 23492K, capacity 24089K, committed 24368K, reserved 1071104K
  class space    used 2991K, capacity 3179K, committed 3200K, reserved 1048576K
}
Event: 11.862 GC heap after
{Heap after GC invocations=8 (full 0):
 garbage-first heap   total 78848K, used 18611K [0x0000000080000000, 0x0000000100000000)
  region size 1024K, 2 young (2048K), 2 survivors (2048K)
 Metaspace       used 23492K, capacity 24089K, committed 24368K, reserved 1071104K
  class space    used 2991K, capacity 3179K, committed 3200K, reserved 1048576K
}
Event: 14.905 GC heap before
{Heap before GC invocations=8 (full 0):
 garbage-first heap   total 78848K, used 46259K [0x0000000080000000, 0x0000000100000000)
  region size 1024K, 29 young (29696K), 2 survivors (2048K)
 Metaspace       used 26619K, capacity 27268K, committed 27440K, reserved 1073152K
  class space    used 3484K, capacity 3710K, committed 3712K, reserved 1048576K
}
Event: 14.920 GC heap after
{Heap after GC invocations=9 (full 0):
 garbage-first heap   total 78848K, used 19403K [0x0000000080000000, 0x0000000100000000)
  region size 1024K, 3 young (3072K), 3 survivors (3072K)
 Metaspace       used 26619K, capacity 27268K, committed 27440K, reserved 1073152K
  class space    used 3484K, capacity 3710K, committed 3712K, reserved 1048576K
}
Event: 20.810 GC heap before
{Heap before GC invocations=9 (full 0):
 garbage-first heap   total 78848K, used 48075K [0x0000000080000000, 0x0000000100000000)
  region size 1024K, 31 young (31744K), 3 survivors (3072K)
 Metaspace       used 30211K, capacity 30838K, committed 31152K, reserved 1077248K
  class space    used 4016K, capacity 4260K, committed 4352K, reserved 1048576K
}
Event: 20.831 GC heap after
{Heap after GC invocations=10 (full 0):
 garbage-first heap   total 78848K, used 20798K [0x0000000080000000, 0x0000000100000000)
  region size 1024K, 3 young (3072K), 3 survivors (3072K)
 Metaspace       used 30211K, capacity 30838K, committed 31152K, reserved 1077248K
  class space    used 4016K, capacity 4260K, committed 4352K, reserved 1048576K
}
Event: 23.025 GC heap before
{Heap before GC invocations=10 (full 0):
 garbage-first heap   total 78848K, used 34110K [0x0000000080000000, 0x0000000100000000)
  region size 1024K, 18 young (18432K), 3 survivors (3072K)
 Metaspace       used 34897K, capacity 35665K, committed 35708K, reserved 1081344K
  class space    used 4528K, capacity 4849K, committed 4864K, reserved 1048576K
}
Event: 23.051 GC heap after
{Heap after GC invocations=11 (full 0):
 garbage-first heap   total 95232K, used 22405K [0x0000000080000000, 0x0000000100000000)
  region size 1024K, 3 young (3072K), 3 survivors (3072K)
 Metaspace       used 34897K, capacity 35665K, committed 35708K, reserved 1081344K
  class space    used 4528K, capacity 4849K, committed 4864K, reserved 1048576K
}
Event: 28.268 GC heap before
{Heap before GC invocations=12 (full 0):
 garbage-first heap   total 95232K, used 62341K [0x0000000080000000, 0x0000000100000000)
  region size 1024K, 39 young (39936K), 3 survivors (3072K)
 Metaspace       used 39425K, capacity 40280K, committed 40572K, reserved 1085440K
  class space    used 5004K, capacity 5311K, committed 5376K, reserved 1048576K
}
Event: 28.297 GC heap after
{Heap after GC invocations=13 (full 0):
 garbage-first heap   total 95232K, used 24526K [0x0000000080000000, 0x0000000100000000)
  region size 1024K, 4 young (4096K), 4 survivors (4096K)
 Metaspace       used 39425K, capacity 40280K, committed 40572K, reserved 1085440K
  class space    used 5004K, capacity 5311K, committed 5376K, reserved 1048576K
}
Event: 30.872 GC heap before
{Heap before GC invocations=13 (full 0):
 garbage-first heap   total 95232K, used 61390K [0x0000000080000000, 0x0000000100000000)
  region size 1024K, 40 young (40960K), 4 survivors (4096K)
 Metaspace       used 41749K, capacity 42669K, committed 43004K, reserved 1087488K
  class space    used 5345K, capacity 5642K, committed 5760K, reserved 1048576K
}
Event: 30.898 GC heap after
{Heap after GC invocations=14 (full 0):
 garbage-first heap   total 95232K, used 26795K [0x0000000080000000, 0x0000000100000000)
  region size 1024K, 5 young (5120K), 5 survivors (5120K)
 Metaspace       used 41749K, capacity 42669K, committed 43004K, reserved 1087488K
  class space    used 5345K, capacity 5642K, committed 5760K, reserved 1048576K
}
Event: 53.674 GC heap before
{Heap before GC invocations=14 (full 0):
 garbage-first heap   total 95232K, used 62635K [0x0000000080000000, 0x0000000100000000)
  region size 1024K, 41 young (41984K), 5 survivors (5120K)
 Metaspace       used 44515K, capacity 45554K, committed 45692K, reserved 1089536K
  class space    used 5689K, capacity 6051K, committed 6144K, reserved 1048576K
}
Event: 53.705 GC heap after
{Heap after GC invocations=15 (full 0):
 garbage-first heap   total 95232K, used 29436K [0x0000000080000000, 0x0000000100000000)
  region size 1024K, 5 young (5120K), 5 survivors (5120K)
 Metaspace       used 44515K, capacity 45554K, committed 45692K, reserved 1089536K
  class space    used 5689K, capacity 6051K, committed 6144K, reserved 1048576K
}
Event: 119.943 GC heap before
{Heap before GC invocations=15 (full 0):
 garbage-first heap   total 95232K, used 72444K [0x0000000080000000, 0x0000000100000000)
  region size 1024K, 42 young (43008K), 5 survivors (5120K)
 Metaspace       used 45348K, capacity 46482K, committed 46588K, reserved 1089536K
  class space    used 5798K, capacity 6191K, committed 6272K, reserved 1048576K
}
Event: 119.985 GC heap after
{Heap after GC invocations=16 (full 0):
 garbage-first heap   total 95232K, used 45244K [0x0000000080000000, 0x0000000100000000)
  region size 1024K, 6 young (6144K), 6 survivors (6144K)
 Metaspace       used 45348K, capacity 46482K, committed 46588K, reserved 1089536K
  class space    used 5798K, capacity 6191K, committed 6272K, reserved 1048576K
}
Event: 128.226 GC heap before
{Heap before GC invocations=16 (full 0):
 garbage-first heap   total 95232K, used 70844K [0x0000000080000000, 0x0000000100000000)
  region size 1024K, 31 young (31744K), 6 survivors (6144K)
 Metaspace       used 49064K, capacity 50319K, committed 50556K, reserved 1093632K
  class space    used 6220K, capacity 6640K, committed 6656K, reserved 1048576K
}
Event: 128.241 GC heap after
{Heap after GC invocations=17 (full 0):
 garbage-first heap   total 95232K, used 47033K [0x0000000080000000, 0x0000000100000000)
  region size 1024K, 1 young (1024K), 1 survivors (1024K)
 Metaspace       used 49064K, capacity 50319K, committed 50556K, reserved 1093632K
  class space    used 6220K, capacity 6640K, committed 6656K, reserved 1048576K
}
Event: 132.562 GC heap before
{Heap before GC invocations=17 (full 0):
 garbage-first heap   total 95232K, used 72633K [0x0000000080000000, 0x0000000100000000)
  region size 1024K, 26 young (26624K), 1 survivors (1024K)
 Metaspace       used 52511K, capacity 53846K, committed 54140K, reserved 1095680K
  class space    used 6666K, capacity 7111K, committed 7168K, reserved 1048576K
}
Event: 132.575 GC heap after
{Heap after GC invocations=18 (full 0):
 garbage-first heap   total 95232K, used 47731K [0x0000000080000000, 0x0000000100000000)
  region size 1024K, 2 young (2048K), 2 survivors (2048K)
 Metaspace       used 52511K, capacity 53846K, committed 54140K, reserved 1095680K
  class space    used 6666K, capacity 7111K, committed 7168K, reserved 1048576K
}

