# JRE version: OpenJDK Runtime Environment (11.0.8+10) (build 11.0.8+10-b944.6842174)
# Java VM: OpenJDK 64-Bit Server VM (11.0.8+10-b944.6842174, mixed mode, tiered, compressed oops, g1 gc, windows-amd64)
Heap:
 garbage-first heap   total 333824K, used 113597K [0x0000000080000000, 0x0000000100000000)
  region size 1024K, 3 young (3072K), 3 survivors (3072K)
 Metaspace       used 101462K, capacity 103662K, committed 103676K, reserved 1140736K
  class space    used 12421K, capacity 13178K, committed 13184K, reserved 1048576K
GC Heap History (20 events):
Event: 565.575 GC heap after
{Heap after GC invocations=134 (full 0):
 garbage-first heap   total 166912K, used 140287K [0x0000000080000000, 0x0000000100000000)
  region size 1024K, 1 young (1024K), 1 survivors (1024K)
 Metaspace       used 99801K, capacity 101916K, committed 102012K, reserved 1138688K
  class space    used 12221K, capacity 12981K, committed 13056K, reserved 1048576K
}
Event: 565.666 GC heap before
{Heap before GC invocations=134 (full 0):
 garbage-first heap   total 166912K, used 147455K [0x0000000080000000, 0x0000000100000000)
  region size 1024K, 8 young (8192K), 1 survivors (1024K)
 Metaspace       used 99818K, capacity 101980K, committed 102268K, reserved 1138688K
  class space    used 12221K, capacity 12981K, committed 13056K, reserved 1048576K
}
Event: 565.674 GC heap after
{Heap after GC invocations=135 (full 0):
 garbage-first heap   total 166912K, used 140576K [0x0000000080000000, 0x0000000100000000)
  region size 1024K, 1 young (1024K), 1 survivors (1024K)
 Metaspace       used 99818K, capacity 101980K, committed 102268K, reserved 1138688K
  class space    used 12221K, capacity 12981K, committed 13056K, reserved 1048576K
}
Event: 565.756 GC heap before
{Heap before GC invocations=135 (full 0):
 garbage-first heap   total 166912K, used 146720K [0x0000000080000000, 0x0000000100000000)
  region size 1024K, 8 young (8192K), 1 survivors (1024K)
 Metaspace       used 99844K, capacity 101980K, committed 102268K, reserved 1138688K
  class space    used 12221K, capacity 12981K, committed 13056K, reserved 1048576K
}
Event: 565.759 GC heap after
{Heap after GC invocations=136 (full 0):
 garbage-first heap   total 166912K, used 140466K [0x0000000080000000, 0x0000000100000000)
  region size 1024K, 1 young (1024K), 1 survivors (1024K)
 Metaspace       used 99844K, capacity 101980K, committed 102268K, reserved 1138688K
  class space    used 12221K, capacity 12981K, committed 13056K, reserved 1048576K
}
Event: 565.843 GC heap before
{Heap before GC invocations=136 (full 0):
 garbage-first heap   total 166912K, used 146610K [0x0000000080000000, 0x0000000100000000)
  region size 1024K, 8 young (8192K), 1 survivors (1024K)
 Metaspace       used 99888K, capacity 101980K, committed 102268K, reserved 1138688K
  class space    used 12222K, capacity 12981K, committed 13056K, reserved 1048576K
}
Event: 565.849 GC heap after
{Heap after GC invocations=137 (full 0):
 garbage-first heap   total 166912K, used 140508K [0x0000000080000000, 0x0000000100000000)
  region size 1024K, 1 young (1024K), 1 survivors (1024K)
 Metaspace       used 99888K, capacity 101980K, committed 102268K, reserved 1138688K
  class space    used 12222K, capacity 12981K, committed 13056K, reserved 1048576K
}
Event: 565.950 GC heap before
{Heap before GC invocations=137 (full 0):
 garbage-first heap   total 166912K, used 147676K [0x0000000080000000, 0x0000000100000000)
  region size 1024K, 8 young (8192K), 1 survivors (1024K)
 Metaspace       used 99892K, capacity 102044K, committed 102268K, reserved 1138688K
  class space    used 12222K, capacity 12981K, committed 13056K, reserved 1048576K
}
Event: 565.954 GC heap after
{Heap after GC invocations=138 (full 0):
 garbage-first heap   total 166912K, used 140825K [0x0000000080000000, 0x0000000100000000)
  region size 1024K, 1 young (1024K), 1 survivors (1024K)
 Metaspace       used 99892K, capacity 102044K, committed 102268K, reserved 1138688K
  class space    used 12222K, capacity 12981K, committed 13056K, reserved 1048576K
}
Event: 567.272 GC heap before
{Heap before GC invocations=139 (full 0):
 garbage-first heap   total 166912K, used 145945K [0x0000000080000000, 0x0000000100000000)
  region size 1024K, 8 young (8192K), 1 survivors (1024K)
 Metaspace       used 99924K, capacity 102108K, committed 102268K, reserved 1138688K
  class space    used 12224K, capacity 12981K, committed 13056K, reserved 1048576K
}
Event: 567.288 GC heap after
{Heap after GC invocations=140 (full 0):
 garbage-first heap   total 166912K, used 138523K [0x0000000080000000, 0x0000000100000000)
  region size 1024K, 1 young (1024K), 1 survivors (1024K)
 Metaspace       used 99924K, capacity 102108K, committed 102268K, reserved 1138688K
  class space    used 12224K, capacity 12981K, committed 13056K, reserved 1048576K
}
Event: 568.838 GC heap before
{Heap before GC invocations=140 (full 0):
 garbage-first heap   total 166912K, used 144667K [0x0000000080000000, 0x0000000100000000)
  region size 1024K, 8 young (8192K), 1 survivors (1024K)
 Metaspace       used 100205K, capacity 102441K, committed 102524K, reserved 1138688K
  class space    used 12272K, capacity 13049K, committed 13056K, reserved 1048576K
}
Event: 568.894 GC heap after
{Heap after GC invocations=141 (full 0):
 garbage-first heap   total 166912K, used 126350K [0x0000000080000000, 0x0000000100000000)
  region size 1024K, 1 young (1024K), 1 survivors (1024K)
 Metaspace       used 100205K, capacity 102441K, committed 102524K, reserved 1138688K
  class space    used 12272K, capacity 13049K, committed 13056K, reserved 1048576K
}
Event: 569.364 GC heap before
{Heap before GC invocations=141 (full 0):
 garbage-first heap   total 166912K, used 132494K [0x0000000080000000, 0x0000000100000000)
  region size 1024K, 8 young (8192K), 1 survivors (1024K)
 Metaspace       used 100208K, capacity 102441K, committed 102524K, reserved 1138688K
  class space    used 12272K, capacity 13049K, committed 13056K, reserved 1048576K
}
Event: 569.435 GC heap after
{Heap after GC invocations=142 (full 0):
 garbage-first heap   total 166912K, used 118751K [0x0000000080000000, 0x0000000100000000)
  region size 1024K, 1 young (1024K), 1 survivors (1024K)
 Metaspace       used 100208K, capacity 102441K, committed 102524K, reserved 1138688K
  class space    used 12272K, capacity 13049K, committed 13056K, reserved 1048576K
}
Event: 569.892 GC heap before
{Heap before GC invocations=142 (full 0):
 garbage-first heap   total 166912K, used 124895K [0x0000000080000000, 0x0000000100000000)
  region size 1024K, 8 young (8192K), 1 survivors (1024K)
 Metaspace       used 100208K, capacity 102441K, committed 102524K, reserved 1138688K
  class space    used 12272K, capacity 13049K, committed 13056K, reserved 1048576K
}
Event: 569.969 GC heap after
{Heap after GC invocations=143 (full 0):
 garbage-first heap   total 166912K, used 113037K [0x0000000080000000, 0x0000000100000000)
  region size 1024K, 1 young (1024K), 1 survivors (1024K)
 Metaspace       used 100208K, capacity 102441K, committed 102524K, reserved 1138688K
  class space    used 12272K, capacity 13049K, committed 13056K, reserved 1048576K
}
Event: 570.393 GC heap before
{Heap before GC invocations=143 (full 0):
 garbage-first heap   total 166912K, used 120205K [0x0000000080000000, 0x0000000100000000)
  region size 1024K, 8 young (8192K), 1 survivors (1024K)
 Metaspace       used 100208K, capacity 102441K, committed 102524K, reserved 1138688K
  class space    used 12272K, capacity 13049K, committed 13056K, reserved 1048576K
}
Event: 570.449 GC heap after
{Heap after GC invocations=144 (full 0):
 garbage-first heap   total 166912K, used 112084K [0x0000000080000000, 0x0000000100000000)
  region size 1024K, 1 young (1024K), 1 survivors (1024K)
 Metaspace       used 100208K, capacity 102441K, committed 102524K, reserved 1138688K
  class space    used 12272K, capacity 13049K, committed 13056K, reserved 1048576K
}
Event: 572.615 GC heap before
{Heap before GC invocations=144 (full 0):
 garbage-first heap   total 166912K, used 130516K [0x0000000080000000, 0x0000000100000000)
  region size 1024K, 19 young (19456K), 1 survivors (1024K)
 Metaspace       used 101462K, capacity 103662K, committed 103676K, reserved 1140736K
  class space    used 12421K, capacity 13178K, committed 13184K, reserved 1048576K
}

