# JRE version: OpenJDK Runtime Environment (11.0.8+10) (build 11.0.8+10-b944.6842174)
# Java VM: OpenJDK 64-Bit Server VM (11.0.8+10-b944.6842174, mixed mode, tiered, compressed oops, g1 gc, windows-amd64)
Heap:
 garbage-first heap   total 195584K, used 109869K [0x0000000080000000, 0x0000000100000000)
  region size 1024K, 1 young (1024K), 1 survivors (1024K)
 Metaspace       used 82035K, capacity 83908K, committed 84092K, reserved 1122304K
  class space    used 10516K, capacity 11201K, committed 11264K, reserved 1048576K
GC Heap History (20 events):
Event: 196.165 GC heap after
{Heap after GC invocations=56 (full 0):
 garbage-first heap   total 114688K, used 80440K [0x0000000080000000, 0x0000000100000000)
  region size 1024K, 1 young (1024K), 1 survivors (1024K)
 Metaspace       used 80235K, capacity 82103K, committed 82300K, reserved 1120256K
  class space    used 10310K, capacity 10966K, committed 11008K, reserved 1048576K
}
Event: 197.142 GC heap before
{Heap before GC invocations=56 (full 0):
 garbage-first heap   total 114688K, used 94776K [0x0000000080000000, 0x0000000100000000)
  region size 1024K, 15 young (15360K), 1 survivors (1024K)
 Metaspace       used 80348K, capacity 82228K, committed 82300K, reserved 1120256K
  class space    used 10334K, capacity 10988K, committed 11008K, reserved 1048576K
}
Event: 197.156 GC heap after
{Heap after GC invocations=57 (full 0):
 garbage-first heap   total 114688K, used 81198K [0x0000000080000000, 0x0000000100000000)
  region size 1024K, 2 young (2048K), 2 survivors (2048K)
 Metaspace       used 80348K, capacity 82228K, committed 82300K, reserved 1120256K
  class space    used 10334K, capacity 10988K, committed 11008K, reserved 1048576K
}
Event: 199.494 GC heap before
{Heap before GC invocations=58 (full 0):
 garbage-first heap   total 114688K, used 97582K [0x0000000080000000, 0x0000000100000000)
  region size 1024K, 16 young (16384K), 2 survivors (2048K)
 Metaspace       used 81097K, capacity 82923K, committed 83196K, reserved 1122304K
  class space    used 10420K, capacity 11092K, committed 11136K, reserved 1048576K
}
Event: 199.528 GC heap after
{Heap after GC invocations=59 (full 0):
 garbage-first heap   total 114688K, used 90681K [0x0000000080000000, 0x0000000100000000)
  region size 1024K, 2 young (2048K), 2 survivors (2048K)
 Metaspace       used 81097K, capacity 82923K, committed 83196K, reserved 1122304K
  class space    used 10420K, capacity 11092K, committed 11136K, reserved 1048576K
}
Event: 199.621 GC heap before
{Heap before GC invocations=59 (full 0):
 garbage-first heap   total 114688K, used 93753K [0x0000000080000000, 0x0000000100000000)
  region size 1024K, 5 young (5120K), 2 survivors (2048K)
 Metaspace       used 81113K, capacity 82987K, committed 83196K, reserved 1122304K
  class space    used 10420K, capacity 11092K, committed 11136K, reserved 1048576K
}
Event: 199.648 GC heap after
{Heap after GC invocations=60 (full 0):
 garbage-first heap   total 114688K, used 92160K [0x0000000080000000, 0x0000000100000000)
  region size 1024K, 1 young (1024K), 1 survivors (1024K)
 Metaspace       used 81113K, capacity 82987K, committed 83196K, reserved 1122304K
  class space    used 10420K, capacity 11092K, committed 11136K, reserved 1048576K
}
Event: 199.722 GC heap before
{Heap before GC invocations=60 (full 0):
 garbage-first heap   total 114688K, used 96256K [0x0000000080000000, 0x0000000100000000)
  region size 1024K, 5 young (5120K), 1 survivors (1024K)
 Metaspace       used 81117K, capacity 82987K, committed 83196K, reserved 1122304K
  class space    used 10420K, capacity 11092K, committed 11136K, reserved 1048576K
}
Event: 199.764 GC heap after
{Heap after GC invocations=61 (full 0):
 garbage-first heap   total 114688K, used 95232K [0x0000000080000000, 0x0000000100000000)
  region size 1024K, 1 young (1024K), 1 survivors (1024K)
 Metaspace       used 81117K, capacity 82987K, committed 83196K, reserved 1122304K
  class space    used 10420K, capacity 11092K, committed 11136K, reserved 1048576K
}
Event: 199.806 GC heap before
{Heap before GC invocations=61 (full 0):
 garbage-first heap   total 114688K, used 99328K [0x0000000080000000, 0x0000000100000000)
  region size 1024K, 5 young (5120K), 1 survivors (1024K)
 Metaspace       used 81117K, capacity 82987K, committed 83196K, reserved 1122304K
  class space    used 10420K, capacity 11092K, committed 11136K, reserved 1048576K
}
Event: 199.841 GC heap after
{Heap after GC invocations=62 (full 0):
 garbage-first heap   total 114688K, used 98227K [0x0000000080000000, 0x0000000100000000)
  region size 1024K, 1 young (1024K), 1 survivors (1024K)
 Metaspace       used 81117K, capacity 82987K, committed 83196K, reserved 1122304K
  class space    used 10420K, capacity 11092K, committed 11136K, reserved 1048576K
}
Event: 200.220 GC heap before
{Heap before GC invocations=62 (full 0):
 garbage-first heap   total 114688K, used 102323K [0x0000000080000000, 0x0000000100000000)
  region size 1024K, 5 young (5120K), 1 survivors (1024K)
 Metaspace       used 81259K, capacity 83149K, committed 83196K, reserved 1122304K
  class space    used 10438K, capacity 11125K, committed 11136K, reserved 1048576K
}
Event: 200.236 GC heap after
{Heap after GC invocations=63 (full 0):
 garbage-first heap   total 143360K, used 100156K [0x0000000080000000, 0x0000000100000000)
  region size 1024K, 1 young (1024K), 1 survivors (1024K)
 Metaspace       used 81259K, capacity 83149K, committed 83196K, reserved 1122304K
  class space    used 10438K, capacity 11125K, committed 11136K, reserved 1048576K
}
Event: 201.021 GC heap before
{Heap before GC invocations=64 (full 0):
 garbage-first heap   total 143360K, used 109372K [0x0000000080000000, 0x0000000100000000)
  region size 1024K, 10 young (10240K), 1 survivors (1024K)
 Metaspace       used 81379K, capacity 83227K, committed 83452K, reserved 1122304K
  class space    used 10450K, capacity 11128K, committed 11136K, reserved 1048576K
}
Event: 201.041 GC heap after
{Heap after GC invocations=65 (full 0):
 garbage-first heap   total 143360K, used 100835K [0x0000000080000000, 0x0000000100000000)
  region size 1024K, 2 young (2048K), 2 survivors (2048K)
 Metaspace       used 81379K, capacity 83227K, committed 83452K, reserved 1122304K
  class space    used 10450K, capacity 11128K, committed 11136K, reserved 1048576K
}
Event: 201.859 GC heap before
{Heap before GC invocations=65 (full 0):
 garbage-first heap   total 143360K, used 110051K [0x0000000080000000, 0x0000000100000000)
  region size 1024K, 12 young (12288K), 2 survivors (2048K)
 Metaspace       used 81591K, capacity 83422K, committed 83452K, reserved 1122304K
  class space    used 10466K, capacity 11129K, committed 11136K, reserved 1048576K
}
Event: 201.876 GC heap after
{Heap after GC invocations=66 (full 0):
 garbage-first heap   total 143360K, used 101557K [0x0000000080000000, 0x0000000100000000)
  region size 1024K, 2 young (2048K), 2 survivors (2048K)
 Metaspace       used 81591K, capacity 83422K, committed 83452K, reserved 1122304K
  class space    used 10466K, capacity 11129K, committed 11136K, reserved 1048576K
}
Event: 202.815 GC heap before
{Heap before GC invocations=67 (full 0):
 garbage-first heap   total 143360K, used 108725K [0x0000000080000000, 0x0000000100000000)
  region size 1024K, 11 young (11264K), 2 survivors (2048K)
 Metaspace       used 81613K, capacity 83454K, committed 83580K, reserved 1122304K
  class space    used 10467K, capacity 11161K, committed 11264K, reserved 1048576K
}
Event: 202.875 GC heap after
{Heap after GC invocations=68 (full 0):
 garbage-first heap   total 143360K, used 109283K [0x0000000080000000, 0x0000000100000000)
  region size 1024K, 2 young (2048K), 2 survivors (2048K)
 Metaspace       used 81613K, capacity 83454K, committed 83580K, reserved 1122304K
  class space    used 10467K, capacity 11161K, committed 11264K, reserved 1048576K
}
Event: 204.151 GC heap before
{Heap before GC invocations=69 (full 0):
 garbage-first heap   total 143360K, used 143075K [0x0000000080000000, 0x0000000100000000)
  region size 1024K, 7 young (7168K), 2 survivors (2048K)
 Metaspace       used 82035K, capacity 83908K, committed 84092K, reserved 1122304K
  class space    used 10516K, capacity 11201K, committed 11264K, reserved 1048576K
}

