# JRE version: OpenJDK Runtime Environment (11.0.8+10) (build 11.0.8+10-b944.6842174)
# Java VM: OpenJDK 64-Bit Server VM (11.0.8+10-b944.6842174, mixed mode, tiered, compressed oops, g1 gc, windows-amd64)
Heap:
 garbage-first heap   total 95232K, used 60991K [0x00000000c0000000, 0x0000000100000000)
  region size 1024K, 10 young (10240K), 1 survivors (1024K)
 Metaspace       used 54050K, capacity 54675K, committed 54784K, reserved 1097728K
  class space    used 6096K, capacity 6320K, committed 6400K, reserved 1048576K
GC Heap History (20 events):
Event: 33.808 GC heap before
{Heap before GC invocations=18 (full 0):
 garbage-first heap   total 65536K, used 48065K [0x00000000c0000000, 0x0000000100000000)
  region size 1024K, 12 young (12288K), 2 survivors (2048K)
 Metaspace       used 47223K, capacity 47725K, committed 48000K, reserved 1091584K
  class space    used 5502K, capacity 5687K, committed 5760K, reserved 1048576K
}
Event: 33.817 GC heap after
{Heap after GC invocations=19 (full 0):
 garbage-first heap   total 65536K, used 37783K [0x00000000c0000000, 0x0000000100000000)
  region size 1024K, 2 young (2048K), 2 survivors (2048K)
 Metaspace       used 47223K, capacity 47725K, committed 48000K, reserved 1091584K
  class space    used 5502K, capacity 5687K, committed 5760K, reserved 1048576K
}
Event: 34.666 GC heap before
{Heap before GC invocations=19 (full 0):
 garbage-first heap   total 65536K, used 48023K [0x00000000c0000000, 0x0000000100000000)
  region size 1024K, 13 young (13312K), 2 survivors (2048K)
 Metaspace       used 48442K, capacity 49031K, committed 49152K, reserved 1093632K
  class space    used 5616K, capacity 5794K, committed 5888K, reserved 1048576K
}
Event: 34.679 GC heap after
{Heap after GC invocations=20 (full 0):
 garbage-first heap   total 65536K, used 38963K [0x00000000c0000000, 0x0000000100000000)
  region size 1024K, 2 young (2048K), 2 survivors (2048K)
 Metaspace       used 48442K, capacity 49031K, committed 49152K, reserved 1093632K
  class space    used 5616K, capacity 5794K, committed 5888K, reserved 1048576K
}
Event: 36.617 GC heap before
{Heap before GC invocations=21 (full 0):
 garbage-first heap   total 65536K, used 49203K [0x00000000c0000000, 0x0000000100000000)
  region size 1024K, 13 young (13312K), 2 survivors (2048K)
 Metaspace       used 50708K, capacity 51300K, committed 51456K, reserved 1095680K
  class space    used 5840K, capacity 6030K, committed 6144K, reserved 1048576K
}
Event: 36.637 GC heap after
{Heap after GC invocations=22 (full 0):
 garbage-first heap   total 65536K, used 40550K [0x00000000c0000000, 0x0000000100000000)
  region size 1024K, 2 young (2048K), 2 survivors (2048K)
 Metaspace       used 50708K, capacity 51300K, committed 51456K, reserved 1095680K
  class space    used 5840K, capacity 6030K, committed 6144K, reserved 1048576K
}
Event: 37.603 GC heap before
{Heap before GC invocations=22 (full 0):
 garbage-first heap   total 65536K, used 49766K [0x00000000c0000000, 0x0000000100000000)
  region size 1024K, 12 young (12288K), 2 survivors (2048K)
 Metaspace       used 51013K, capacity 51581K, committed 51712K, reserved 1095680K
  class space    used 5854K, capacity 6037K, committed 6144K, reserved 1048576K
}
Event: 37.626 GC heap after
{Heap after GC invocations=23 (full 0):
 garbage-first heap   total 65536K, used 43450K [0x00000000c0000000, 0x0000000100000000)
  region size 1024K, 2 young (2048K), 2 survivors (2048K)
 Metaspace       used 51013K, capacity 51581K, committed 51712K, reserved 1095680K
  class space    used 5854K, capacity 6037K, committed 6144K, reserved 1048576K
}
Event: 38.944 GC heap before
{Heap before GC invocations=24 (full 0):
 garbage-first heap   total 65536K, used 49594K [0x00000000c0000000, 0x0000000100000000)
  region size 1024K, 10 young (10240K), 2 survivors (2048K)
 Metaspace       used 51955K, capacity 52524K, committed 52736K, reserved 1095680K
  class space    used 5902K, capacity 6139K, committed 6144K, reserved 1048576K
}
Event: 38.961 GC heap after
{Heap after GC invocations=25 (full 0):
 garbage-first heap   total 65536K, used 44371K [0x00000000c0000000, 0x0000000100000000)
  region size 1024K, 2 young (2048K), 2 survivors (2048K)
 Metaspace       used 51955K, capacity 52524K, committed 52736K, reserved 1095680K
  class space    used 5902K, capacity 6139K, committed 6144K, reserved 1048576K
}
Event: 39.734 GC heap before
{Heap before GC invocations=25 (full 0):
 garbage-first heap   total 65536K, used 51539K [0x00000000c0000000, 0x0000000100000000)
  region size 1024K, 9 young (9216K), 2 survivors (2048K)
 Metaspace       used 52243K, capacity 52909K, committed 52992K, reserved 1095680K
  class space    used 5905K, capacity 6139K, committed 6144K, reserved 1048576K
}
Event: 39.749 GC heap after
{Heap after GC invocations=26 (full 0):
 garbage-first heap   total 78848K, used 45712K [0x00000000c0000000, 0x0000000100000000)
  region size 1024K, 2 young (2048K), 2 survivors (2048K)
 Metaspace       used 52243K, capacity 52909K, committed 52992K, reserved 1095680K
  class space    used 5905K, capacity 6139K, committed 6144K, reserved 1048576K
}
Event: 40.378 GC heap before
{Heap before GC invocations=27 (full 0):
 garbage-first heap   total 78848K, used 58000K [0x00000000c0000000, 0x0000000100000000)
  region size 1024K, 14 young (14336K), 2 survivors (2048K)
 Metaspace       used 52398K, capacity 53037K, committed 53248K, reserved 1095680K
  class space    used 5909K, capacity 6139K, committed 6144K, reserved 1048576K
}
Event: 40.398 GC heap after
{Heap after GC invocations=28 (full 0):
 garbage-first heap   total 78848K, used 47692K [0x00000000c0000000, 0x0000000100000000)
  region size 1024K, 2 young (2048K), 2 survivors (2048K)
 Metaspace       used 52398K, capacity 53037K, committed 53248K, reserved 1095680K
  class space    used 5909K, capacity 6139K, committed 6144K, reserved 1048576K
}
Event: 41.037 GC heap before
{Heap before GC invocations=28 (full 0):
 garbage-first heap   total 78848K, used 59980K [0x00000000c0000000, 0x0000000100000000)
  region size 1024K, 14 young (14336K), 2 survivors (2048K)
 Metaspace       used 52554K, capacity 53167K, committed 53248K, reserved 1095680K
  class space    used 5913K, capacity 6139K, committed 6144K, reserved 1048576K
}
Event: 41.062 GC heap after
{Heap after GC invocations=29 (full 0):
 garbage-first heap   total 78848K, used 49842K [0x00000000c0000000, 0x0000000100000000)
  region size 1024K, 2 young (2048K), 2 survivors (2048K)
 Metaspace       used 52554K, capacity 53167K, committed 53248K, reserved 1095680K
  class space    used 5913K, capacity 6139K, committed 6144K, reserved 1048576K
}
Event: 41.645 GC heap before
{Heap before GC invocations=30 (full 0):
 garbage-first heap   total 78848K, used 61106K [0x00000000c0000000, 0x0000000100000000)
  region size 1024K, 13 young (13312K), 2 survivors (2048K)
 Metaspace       used 52590K, capacity 53231K, committed 53248K, reserved 1095680K
  class space    used 5913K, capacity 6139K, committed 6144K, reserved 1048576K
}
Event: 41.666 GC heap after
{Heap after GC invocations=31 (full 0):
 garbage-first heap   total 78848K, used 51951K [0x00000000c0000000, 0x0000000100000000)
  region size 1024K, 2 young (2048K), 2 survivors (2048K)
 Metaspace       used 52590K, capacity 53231K, committed 53248K, reserved 1095680K
  class space    used 5913K, capacity 6139K, committed 6144K, reserved 1048576K
}
Event: 42.018 GC heap before
{Heap before GC invocations=31 (full 0):
 garbage-first heap   total 78848K, used 61167K [0x00000000c0000000, 0x0000000100000000)
  region size 1024K, 12 young (12288K), 2 survivors (2048K)
 Metaspace       used 52817K, capacity 53467K, committed 53632K, reserved 1097728K
  class space    used 5935K, capacity 6175K, committed 6272K, reserved 1048576K
}
Event: 42.036 GC heap after
{Heap after GC invocations=32 (full 0):
 garbage-first heap   total 95232K, used 52799K [0x00000000c0000000, 0x0000000100000000)
  region size 1024K, 1 young (1024K), 1 survivors (1024K)
 Metaspace       used 52817K, capacity 53467K, committed 53632K, reserved 1097728K
  class space    used 5935K, capacity 6175K, committed 6272K, reserved 1048576K
}

