# JRE version: OpenJDK Runtime Environment (11.0.8+10) (build 11.0.8+10-b944.6842174)
# Java VM: OpenJDK 64-Bit Server VM (11.0.8+10-b944.6842174, mixed mode, tiered, compressed oops, g1 gc, windows-amd64)
Heap:
 garbage-first heap   total 95232K, used 62215K [0x00000000c0000000, 0x0000000100000000)
  region size 1024K, 1 young (1024K), 1 survivors (1024K)
 Metaspace       used 58566K, capacity 59218K, committed 59392K, reserved 1103872K
  class space    used 6349K, capacity 6608K, committed 6656K, reserved 1048576K
GC Heap History (20 events):
Event: 71.168 GC heap after
{Heap after GC invocations=16 (full 0):
 garbage-first heap   total 78848K, used 42615K [0x00000000c0000000, 0x0000000100000000)
  region size 1024K, 4 young (4096K), 4 survivors (4096K)
 Metaspace       used 51615K, capacity 52226K, committed 52480K, reserved 1095680K
  class space    used 5888K, capacity 6103K, committed 6144K, reserved 1048576K
}
Event: 73.888 GC heap before
{Heap before GC invocations=17 (full 0):
 garbage-first heap   total 78848K, used 62071K [0x00000000c0000000, 0x0000000100000000)
  region size 1024K, 23 young (23552K), 4 survivors (4096K)
 Metaspace       used 52422K, capacity 53037K, committed 53248K, reserved 1095680K
  class space    used 5904K, capacity 6139K, committed 6144K, reserved 1048576K
}
Event: 73.949 GC heap after
{Heap after GC invocations=18 (full 0):
 garbage-first heap   total 78848K, used 45752K [0x00000000c0000000, 0x0000000100000000)
  region size 1024K, 3 young (3072K), 3 survivors (3072K)
 Metaspace       used 52422K, capacity 53037K, committed 53248K, reserved 1095680K
  class space    used 5904K, capacity 6139K, committed 6144K, reserved 1048576K
}
Event: 75.690 GC heap before
{Heap before GC invocations=18 (full 0):
 garbage-first heap   total 78848K, used 63160K [0x00000000c0000000, 0x0000000100000000)
  region size 1024K, 20 young (20480K), 3 survivors (3072K)
 Metaspace       used 52668K, capacity 53295K, committed 53504K, reserved 1097728K
  class space    used 5912K, capacity 6139K, committed 6144K, reserved 1048576K
}
Event: 75.738 GC heap after
{Heap after GC invocations=19 (full 0):
 garbage-first heap   total 78848K, used 49519K [0x00000000c0000000, 0x0000000100000000)
  region size 1024K, 3 young (3072K), 3 survivors (3072K)
 Metaspace       used 52668K, capacity 53295K, committed 53504K, reserved 1097728K
  class space    used 5912K, capacity 6139K, committed 6144K, reserved 1048576K
}
Event: 77.019 GC heap before
{Heap before GC invocations=20 (full 0):
 garbage-first heap   total 78848K, used 63855K [0x00000000c0000000, 0x0000000100000000)
  region size 1024K, 17 young (17408K), 3 survivors (3072K)
 Metaspace       used 52897K, capacity 53531K, committed 53632K, reserved 1097728K
  class space    used 5932K, capacity 6175K, committed 6272K, reserved 1048576K
}
Event: 77.054 GC heap after
{Heap after GC invocations=21 (full 0):
 garbage-first heap   total 78848K, used 52471K [0x00000000c0000000, 0x0000000100000000)
  region size 1024K, 3 young (3072K), 3 survivors (3072K)
 Metaspace       used 52897K, capacity 53531K, committed 53632K, reserved 1097728K
  class space    used 5932K, capacity 6175K, committed 6272K, reserved 1048576K
}
Event: 77.914 GC heap before
{Heap before GC invocations=21 (full 0):
 garbage-first heap   total 78848K, used 63735K [0x00000000c0000000, 0x0000000100000000)
  region size 1024K, 14 young (14336K), 3 survivors (3072K)
 Metaspace       used 53630K, capacity 54288K, committed 54400K, reserved 1097728K
  class space    used 6032K, capacity 6256K, committed 6272K, reserved 1048576K
}
Event: 77.933 GC heap after
{Heap after GC invocations=22 (full 0):
 garbage-first heap   total 78848K, used 53543K [0x00000000c0000000, 0x0000000100000000)
  region size 1024K, 1 young (1024K), 1 survivors (1024K)
 Metaspace       used 53630K, capacity 54288K, committed 54400K, reserved 1097728K
  class space    used 6032K, capacity 6256K, committed 6272K, reserved 1048576K
}
Event: 79.961 GC heap before
{Heap before GC invocations=23 (full 0):
 garbage-first heap   total 78848K, used 64807K [0x00000000c0000000, 0x0000000100000000)
  region size 1024K, 12 young (12288K), 1 survivors (1024K)
 Metaspace       used 55075K, capacity 55749K, committed 55936K, reserved 1099776K
  class space    used 6187K, capacity 6421K, committed 6528K, reserved 1048576K
}
Event: 79.981 GC heap after
{Heap after GC invocations=24 (full 0):
 garbage-first heap   total 78848K, used 55542K [0x00000000c0000000, 0x0000000100000000)
  region size 1024K, 2 young (2048K), 2 survivors (2048K)
 Metaspace       used 55075K, capacity 55749K, committed 55936K, reserved 1099776K
  class space    used 6187K, capacity 6421K, committed 6528K, reserved 1048576K
}
Event: 82.031 GC heap before
{Heap before GC invocations=24 (full 0):
 garbage-first heap   total 78848K, used 64758K [0x00000000c0000000, 0x0000000100000000)
  region size 1024K, 12 young (12288K), 2 survivors (2048K)
 Metaspace       used 56230K, capacity 56831K, committed 56960K, reserved 1099776K
  class space    used 6233K, capacity 6459K, committed 6528K, reserved 1048576K
}
Event: 82.059 GC heap after
{Heap after GC invocations=25 (full 0):
 garbage-first heap   total 78848K, used 57546K [0x00000000c0000000, 0x0000000100000000)
  region size 1024K, 2 young (2048K), 2 survivors (2048K)
 Metaspace       used 56230K, capacity 56831K, committed 56960K, reserved 1099776K
  class space    used 6233K, capacity 6459K, committed 6528K, reserved 1048576K
}
Event: 84.393 GC heap before
{Heap before GC invocations=26 (full 0):
 garbage-first heap   total 78848K, used 65738K [0x00000000c0000000, 0x0000000100000000)
  region size 1024K, 10 young (10240K), 2 survivors (2048K)
 Metaspace       used 57266K, capacity 57919K, committed 57984K, reserved 1101824K
  class space    used 6265K, capacity 6500K, committed 6528K, reserved 1048576K
}
Event: 84.412 GC heap after
{Heap after GC invocations=27 (full 0):
 garbage-first heap   total 78848K, used 58368K [0x00000000c0000000, 0x0000000100000000)
  region size 1024K, 1 young (1024K), 1 survivors (1024K)
 Metaspace       used 57266K, capacity 57919K, committed 57984K, reserved 1101824K
  class space    used 6265K, capacity 6500K, committed 6528K, reserved 1048576K
}
Event: 85.928 GC heap before
{Heap before GC invocations=27 (full 0):
 garbage-first heap   total 78848K, used 66560K [0x00000000c0000000, 0x0000000100000000)
  region size 1024K, 9 young (9216K), 1 survivors (1024K)
 Metaspace       used 57839K, capacity 58494K, committed 58624K, reserved 1101824K
  class space    used 6289K, capacity 6537K, committed 6656K, reserved 1048576K
}
Event: 85.945 GC heap after
{Heap after GC invocations=28 (full 0):
 garbage-first heap   total 78848K, used 59894K [0x00000000c0000000, 0x0000000100000000)
  region size 1024K, 2 young (2048K), 2 survivors (2048K)
 Metaspace       used 57839K, capacity 58494K, committed 58624K, reserved 1101824K
  class space    used 6289K, capacity 6537K, committed 6656K, reserved 1048576K
}
Event: 87.022 GC heap before
{Heap before GC invocations=29 (full 0):
 garbage-first heap   total 78848K, used 67062K [0x00000000c0000000, 0x0000000100000000)
  region size 1024K, 9 young (9216K), 2 survivors (2048K)
 Metaspace       used 57992K, capacity 58628K, committed 58880K, reserved 1103872K
  class space    used 6299K, capacity 6539K, committed 6656K, reserved 1048576K
}
Event: 87.041 GC heap after
{Heap after GC invocations=30 (full 0):
 garbage-first heap   total 78848K, used 61843K [0x00000000c0000000, 0x0000000100000000)
  region size 1024K, 2 young (2048K), 2 survivors (2048K)
 Metaspace       used 57992K, capacity 58628K, committed 58880K, reserved 1103872K
  class space    used 6299K, capacity 6539K, committed 6656K, reserved 1048576K
}
Event: 87.709 GC heap before
{Heap before GC invocations=30 (full 0):
 garbage-first heap   total 78848K, used 65939K [0x00000000c0000000, 0x0000000100000000)
  region size 1024K, 7 young (7168K), 2 survivors (2048K)
 Metaspace       used 58566K, capacity 59218K, committed 59392K, reserved 1103872K
  class space    used 6349K, capacity 6608K, committed 6656K, reserved 1048576K
}

