# JRE version: OpenJDK Runtime Environment (11.0.8+10) (build 11.0.8+10-b944.6842174)
# Java VM: OpenJDK 64-Bit Server VM (11.0.8+10-b944.6842174, mixed mode, tiered, compressed oops, g1 gc, windows-amd64)
Heap:
 garbage-first heap   total 102400K, used 65543K [0x00000000c0000000, 0x0000000100000000)
  region size 1024K, 2 young (2048K), 2 survivors (2048K)
 Metaspace       used 64978K, capacity 65692K, committed 65792K, reserved 1116160K
  class space    used 7046K, capacity 7341K, committed 7424K, reserved 1048576K
GC Heap History (20 events):
Event: 49.146 GC heap before
{Heap before GC invocations=29 (full 0):
 garbage-first heap   total 78848K, used 59893K [0x00000000c0000000, 0x0000000100000000)
  region size 1024K, 13 young (13312K), 2 survivors (2048K)
 Metaspace       used 52542K, capacity 53167K, committed 53248K, reserved 1095680K
  class space    used 5912K, capacity 6139K, committed 6144K, reserved 1048576K
}
Event: 49.172 GC heap after
{Heap after GC invocations=30 (full 0):
 garbage-first heap   total 78848K, used 50877K [0x00000000c0000000, 0x0000000100000000)
  region size 1024K, 2 young (2048K), 2 survivors (2048K)
 Metaspace       used 52542K, capacity 53167K, committed 53248K, reserved 1095680K
  class space    used 5912K, capacity 6139K, committed 6144K, reserved 1048576K
}
Event: 50.522 GC heap before
{Heap before GC invocations=31 (full 0):
 garbage-first heap   total 78848K, used 62141K [0x00000000c0000000, 0x0000000100000000)
  region size 1024K, 13 young (13312K), 2 survivors (2048K)
 Metaspace       used 52575K, capacity 53231K, committed 53248K, reserved 1095680K
  class space    used 5912K, capacity 6139K, committed 6144K, reserved 1048576K
}
Event: 50.576 GC heap after
{Heap after GC invocations=32 (full 0):
 garbage-first heap   total 78848K, used 52973K [0x00000000c0000000, 0x0000000100000000)
  region size 1024K, 2 young (2048K), 2 survivors (2048K)
 Metaspace       used 52575K, capacity 53231K, committed 53248K, reserved 1095680K
  class space    used 5912K, capacity 6139K, committed 6144K, reserved 1048576K
}
Event: 51.425 GC heap before
{Heap before GC invocations=32 (full 0):
 garbage-first heap   total 78848K, used 53997K [0x00000000c0000000, 0x0000000100000000)
  region size 1024K, 3 young (3072K), 2 survivors (2048K)
 Metaspace       used 52585K, capacity 53231K, committed 53248K, reserved 1095680K
  class space    used 5913K, capacity 6139K, committed 6144K, reserved 1048576K
}
Event: 51.442 GC heap after
{Heap after GC invocations=33 (full 0):
 garbage-first heap   total 102400K, used 52612K [0x00000000c0000000, 0x0000000100000000)
  region size 1024K, 1 young (1024K), 1 survivors (1024K)
 Metaspace       used 52585K, capacity 53231K, committed 53248K, reserved 1095680K
  class space    used 5913K, capacity 6139K, committed 6144K, reserved 1048576K
}
Event: 54.035 GC heap before
{Heap before GC invocations=33 (full 0):
 garbage-first heap   total 102400K, used 70020K [0x00000000c0000000, 0x0000000100000000)
  region size 1024K, 18 young (18432K), 1 survivors (1024K)
 Metaspace       used 53931K, capacity 54545K, committed 54784K, reserved 1097728K
  class space    used 6093K, capacity 6320K, committed 6400K, reserved 1048576K
}
Event: 54.050 GC heap after
{Heap after GC invocations=34 (full 0):
 garbage-first heap   total 102400K, used 53955K [0x00000000c0000000, 0x0000000100000000)
  region size 1024K, 2 young (2048K), 2 survivors (2048K)
 Metaspace       used 53931K, capacity 54545K, committed 54784K, reserved 1097728K
  class space    used 6093K, capacity 6320K, committed 6400K, reserved 1048576K
}
Event: 58.289 GC heap before
{Heap before GC invocations=35 (full 0):
 garbage-first heap   total 102400K, used 72387K [0x00000000c0000000, 0x0000000100000000)
  region size 1024K, 20 young (20480K), 2 survivors (2048K)
 Metaspace       used 56074K, capacity 56701K, committed 56960K, reserved 1099776K
  class space    used 6235K, capacity 6459K, committed 6528K, reserved 1048576K
}
Event: 58.318 GC heap after
{Heap after GC invocations=36 (full 0):
 garbage-first heap   total 102400K, used 57143K [0x00000000c0000000, 0x0000000100000000)
  region size 1024K, 3 young (3072K), 3 survivors (3072K)
 Metaspace       used 56074K, capacity 56701K, committed 56960K, reserved 1099776K
  class space    used 6235K, capacity 6459K, committed 6528K, reserved 1048576K
}
Event: 62.012 GC heap before
{Heap before GC invocations=36 (full 0):
 garbage-first heap   total 102400K, used 75575K [0x00000000c0000000, 0x0000000100000000)
  region size 1024K, 21 young (21504K), 3 survivors (3072K)
 Metaspace       used 57813K, capacity 58430K, committed 58624K, reserved 1101824K
  class space    used 6291K, capacity 6537K, committed 6656K, reserved 1048576K
}
Event: 62.047 GC heap after
{Heap after GC invocations=37 (full 0):
 garbage-first heap   total 102400K, used 60416K [0x00000000c0000000, 0x0000000100000000)
  region size 1024K, 3 young (3072K), 3 survivors (3072K)
 Metaspace       used 57813K, capacity 58430K, committed 58624K, reserved 1101824K
  class space    used 6291K, capacity 6537K, committed 6656K, reserved 1048576K
}
Event: 65.048 GC heap before
{Heap before GC invocations=38 (full 0):
 garbage-first heap   total 102400K, used 77824K [0x00000000c0000000, 0x0000000100000000)
  region size 1024K, 20 young (20480K), 3 survivors (3072K)
 Metaspace       used 59098K, capacity 59804K, committed 60032K, reserved 1101824K
  class space    used 6422K, capacity 6674K, committed 6784K, reserved 1048576K
}
Event: 65.080 GC heap after
{Heap after GC invocations=39 (full 0):
 garbage-first heap   total 102400K, used 63026K [0x00000000c0000000, 0x0000000100000000)
  region size 1024K, 3 young (3072K), 3 survivors (3072K)
 Metaspace       used 59098K, capacity 59804K, committed 60032K, reserved 1101824K
  class space    used 6422K, capacity 6674K, committed 6784K, reserved 1048576K
}
Event: 67.225 GC heap before
{Heap before GC invocations=39 (full 0):
 garbage-first heap   total 102400K, used 80434K [0x00000000c0000000, 0x0000000100000000)
  region size 1024K, 20 young (20480K), 3 survivors (3072K)
 Metaspace       used 60885K, capacity 61585K, committed 61696K, reserved 1103872K
  class space    used 6578K, capacity 6842K, committed 6912K, reserved 1048576K
}
Event: 67.247 GC heap after
{Heap after GC invocations=40 (full 0):
 garbage-first heap   total 102400K, used 64457K [0x00000000c0000000, 0x0000000100000000)
  region size 1024K, 2 young (2048K), 2 survivors (2048K)
 Metaspace       used 60885K, capacity 61585K, committed 61696K, reserved 1103872K
  class space    used 6578K, capacity 6842K, committed 6912K, reserved 1048576K
}
Event: 71.023 GC heap before
{Heap before GC invocations=41 (full 0):
 garbage-first heap   total 102400K, used 79817K [0x00000000c0000000, 0x0000000100000000)
  region size 1024K, 18 young (18432K), 2 survivors (2048K)
 Metaspace       used 64767K, capacity 65467K, committed 65792K, reserved 1107968K
  class space    used 7036K, capacity 7309K, committed 7424K, reserved 1048576K
}
Event: 71.038 GC heap after
{Heap after GC invocations=42 (full 0):
 garbage-first heap   total 102400K, used 65277K [0x00000000c0000000, 0x0000000100000000)
  region size 1024K, 3 young (3072K), 3 survivors (3072K)
 Metaspace       used 64767K, capacity 65467K, committed 65792K, reserved 1107968K
  class space    used 7036K, capacity 7309K, committed 7424K, reserved 1048576K
}
Event: 71.293 GC heap before
{Heap before GC invocations=42 (full 0):
 garbage-first heap   total 102400K, used 66301K [0x00000000c0000000, 0x0000000100000000)
  region size 1024K, 5 young (5120K), 3 survivors (3072K)
 Metaspace       used 64978K, capacity 65692K, committed 65792K, reserved 1114112K
  class space    used 7046K, capacity 7341K, committed 7424K, reserved 1048576K
}
Event: 71.310 GC heap after
{Heap after GC invocations=43 (full 0):
 garbage-first heap   total 102400K, used 65543K [0x00000000c0000000, 0x0000000100000000)
  region size 1024K, 2 young (2048K), 2 survivors (2048K)
 Metaspace       used 64978K, capacity 65692K, committed 65792K, reserved 1114112K
  class space    used 7046K, capacity 7341K, committed 7424K, reserved 1048576K
}

