# JRE version: OpenJDK Runtime Environment (11.0.8+10) (build 11.0.8+10-b944.6842174)
# Java VM: OpenJDK 64-Bit Server VM (11.0.8+10-b944.6842174, mixed mode, tiered, compressed oops, g1 gc, windows-amd64)
Heap:
 garbage-first heap   total 114688K, used 79047K [0x00000000c0000000, 0x0000000100000000)
  region size 1024K, 17 young (17408K), 3 survivors (3072K)
 Metaspace       used 66373K, capacity 67132K, committed 67328K, reserved 1110016K
  class space    used 7088K, capacity 7373K, committed 7424K, reserved 1048576K
GC Heap History (20 events):
Event: 55.313 GC heap before
{Heap before GC invocations=18 (full 0):
 garbage-first heap   total 78848K, used 61924K [0x00000000c0000000, 0x0000000100000000)
  region size 1024K, 20 young (20480K), 3 survivors (3072K)
 Metaspace       used 52748K, capacity 53357K, committed 53504K, reserved 1097728K
  class space    used 5918K, capacity 6139K, committed 6144K, reserved 1048576K
}
Event: 55.382 GC heap after
{Heap after GC invocations=19 (full 0):
 garbage-first heap   total 78848K, used 47794K [0x00000000c0000000, 0x0000000100000000)
  region size 1024K, 3 young (3072K), 3 survivors (3072K)
 Metaspace       used 52748K, capacity 53357K, committed 53504K, reserved 1097728K
  class space    used 5918K, capacity 6139K, committed 6144K, reserved 1048576K
}
Event: 56.942 GC heap before
{Heap before GC invocations=20 (full 0):
 garbage-first heap   total 78848K, used 63154K [0x00000000c0000000, 0x0000000100000000)
  region size 1024K, 18 young (18432K), 3 survivors (3072K)
 Metaspace       used 52824K, capacity 53423K, committed 53504K, reserved 1097728K
  class space    used 5918K, capacity 6139K, committed 6144K, reserved 1048576K
}
Event: 57.020 GC heap after
{Heap after GC invocations=21 (full 0):
 garbage-first heap   total 78848K, used 50652K [0x00000000c0000000, 0x0000000100000000)
  region size 1024K, 3 young (3072K), 3 survivors (3072K)
 Metaspace       used 52824K, capacity 53423K, committed 53504K, reserved 1097728K
  class space    used 5918K, capacity 6139K, committed 6144K, reserved 1048576K
}
Event: 57.758 GC heap before
{Heap before GC invocations=21 (full 0):
 garbage-first heap   total 78848K, used 63964K [0x00000000c0000000, 0x0000000100000000)
  region size 1024K, 16 young (16384K), 3 survivors (3072K)
 Metaspace       used 53370K, capacity 54032K, committed 54144K, reserved 1097728K
  class space    used 5981K, capacity 6215K, committed 6272K, reserved 1048576K
}
Event: 57.825 GC heap after
{Heap after GC invocations=22 (full 0):
 garbage-first heap   total 78848K, used 51782K [0x00000000c0000000, 0x0000000100000000)
  region size 1024K, 1 young (1024K), 1 survivors (1024K)
 Metaspace       used 53370K, capacity 54032K, committed 54144K, reserved 1097728K
  class space    used 5981K, capacity 6215K, committed 6272K, reserved 1048576K
}
Event: 62.187 GC heap before
{Heap before GC invocations=23 (full 0):
 garbage-first heap   total 78848K, used 64070K [0x00000000c0000000, 0x0000000100000000)
  region size 1024K, 13 young (13312K), 1 survivors (1024K)
 Metaspace       used 55144K, capacity 55748K, committed 55936K, reserved 1099776K
  class space    used 6187K, capacity 6421K, committed 6528K, reserved 1048576K
}
Event: 62.248 GC heap after
{Heap after GC invocations=24 (full 0):
 garbage-first heap   total 95232K, used 53805K [0x00000000c0000000, 0x0000000100000000)
  region size 1024K, 2 young (2048K), 2 survivors (2048K)
 Metaspace       used 55144K, capacity 55748K, committed 55936K, reserved 1099776K
  class space    used 6187K, capacity 6421K, committed 6528K, reserved 1048576K
}
Event: 67.820 GC heap before
{Heap before GC invocations=24 (full 0):
 garbage-first heap   total 95232K, used 71213K [0x00000000c0000000, 0x0000000100000000)
  region size 1024K, 19 young (19456K), 2 survivors (2048K)
 Metaspace       used 57365K, capacity 57983K, committed 58240K, reserved 1101824K
  class space    used 6270K, capacity 6500K, committed 6528K, reserved 1048576K
}
Event: 67.868 GC heap after
{Heap after GC invocations=25 (full 0):
 garbage-first heap   total 95232K, used 56711K [0x00000000c0000000, 0x0000000100000000)
  region size 1024K, 3 young (3072K), 3 survivors (3072K)
 Metaspace       used 57365K, capacity 57983K, committed 58240K, reserved 1101824K
  class space    used 6270K, capacity 6500K, committed 6528K, reserved 1048576K
}
Event: 70.744 GC heap before
{Heap before GC invocations=26 (full 0):
 garbage-first heap   total 95232K, used 73095K [0x00000000c0000000, 0x0000000100000000)
  region size 1024K, 19 young (19456K), 3 survivors (3072K)
 Metaspace       used 58149K, capacity 58756K, committed 58880K, reserved 1101824K
  class space    used 6303K, capacity 6539K, committed 6656K, reserved 1048576K
}
Event: 70.821 GC heap after
{Heap after GC invocations=27 (full 0):
 garbage-first heap   total 95232K, used 60224K [0x00000000c0000000, 0x0000000100000000)
  region size 1024K, 3 young (3072K), 3 survivors (3072K)
 Metaspace       used 58149K, capacity 58756K, committed 58880K, reserved 1101824K
  class space    used 6303K, capacity 6539K, committed 6656K, reserved 1048576K
}
Event: 73.901 GC heap before
{Heap before GC invocations=27 (full 0):
 garbage-first heap   total 95232K, used 74560K [0x00000000c0000000, 0x0000000100000000)
  region size 1024K, 18 young (18432K), 3 survivors (3072K)
 Metaspace       used 59351K, capacity 60060K, committed 60288K, reserved 1103872K
  class space    used 6427K, capacity 6674K, committed 6784K, reserved 1048576K
}
Event: 73.978 GC heap after
{Heap after GC invocations=28 (full 0):
 garbage-first heap   total 95232K, used 62023K [0x00000000c0000000, 0x0000000100000000)
  region size 1024K, 2 young (2048K), 2 survivors (2048K)
 Metaspace       used 59351K, capacity 60060K, committed 60288K, reserved 1103872K
  class space    used 6427K, capacity 6674K, committed 6784K, reserved 1048576K
}
Event: 77.187 GC heap before
{Heap before GC invocations=29 (full 0):
 garbage-first heap   total 95232K, used 76359K [0x00000000c0000000, 0x0000000100000000)
  region size 1024K, 16 young (16384K), 2 survivors (2048K)
 Metaspace       used 60509K, capacity 61228K, committed 61440K, reserved 1103872K
  class space    used 6513K, capacity 6808K, committed 6912K, reserved 1048576K
}
Event: 77.224 GC heap after
{Heap after GC invocations=30 (full 0):
 garbage-first heap   total 114688K, used 62985K [0x00000000c0000000, 0x0000000100000000)
  region size 1024K, 1 young (1024K), 1 survivors (1024K)
 Metaspace       used 60509K, capacity 61228K, committed 61440K, reserved 1103872K
  class space    used 6513K, capacity 6808K, committed 6912K, reserved 1048576K
}
Event: 81.558 GC heap before
{Heap before GC invocations=30 (full 0):
 garbage-first heap   total 114688K, used 82441K [0x00000000c0000000, 0x0000000100000000)
  region size 1024K, 21 young (21504K), 1 survivors (1024K)
 Metaspace       used 65370K, capacity 66076K, committed 66304K, reserved 1107968K
  class space    used 7050K, capacity 7341K, committed 7424K, reserved 1048576K
}
Event: 81.573 GC heap after
{Heap after GC invocations=31 (full 0):
 garbage-first heap   total 114688K, used 64235K [0x00000000c0000000, 0x0000000100000000)
  region size 1024K, 3 young (3072K), 3 survivors (3072K)
 Metaspace       used 65370K, capacity 66076K, committed 66304K, reserved 1107968K
  class space    used 7050K, capacity 7341K, committed 7424K, reserved 1048576K
}
Event: 83.491 GC heap before
{Heap before GC invocations=32 (full 0):
 garbage-first heap   total 114688K, used 84715K [0x00000000c0000000, 0x0000000100000000)
  region size 1024K, 23 young (23552K), 3 survivors (3072K)
 Metaspace       used 66295K, capacity 67004K, committed 67072K, reserved 1110016K
  class space    used 7086K, capacity 7373K, committed 7424K, reserved 1048576K
}
Event: 83.521 GC heap after
{Heap after GC invocations=33 (full 0):
 garbage-first heap   total 114688K, used 65735K [0x00000000c0000000, 0x0000000100000000)
  region size 1024K, 3 young (3072K), 3 survivors (3072K)
 Metaspace       used 66295K, capacity 67004K, committed 67072K, reserved 1110016K
  class space    used 7086K, capacity 7373K, committed 7424K, reserved 1048576K
}

