# JRE version: OpenJDK Runtime Environment (11.0.8+10) (build 11.0.8+10-b944.6842174)
# Java VM: OpenJDK 64-Bit Server VM (11.0.8+10-b944.6842174, mixed mode, tiered, compressed oops, g1 gc, windows-amd64)
Heap:
 garbage-first heap   total 206848K, used 113408K [0x0000000080000000, 0x0000000100000000)
  region size 1024K, 1 young (1024K), 1 survivors (1024K)
 Metaspace       used 105663K, capacity 108183K, committed 108284K, reserved 1144832K
  class space    used 13547K, capacity 14460K, committed 14464K, reserved 1048576K
GC Heap History (20 events):
Event: 180.477 GC heap before
{Heap before GC invocations=96 (full 0):
 garbage-first heap   total 206848K, used 104448K [0x0000000080000000, 0x0000000100000000)
  region size 1024K, 10 young (10240K), 7 survivors (7168K)
 Metaspace       used 90476K, capacity 92507K, committed 92796K, reserved 1130496K
  class space    used 11486K, capacity 12201K, committed 12288K, reserved 1048576K
}
Event: 180.512 GC heap after
{Heap after GC invocations=97 (full 0):
 garbage-first heap   total 206848K, used 101647K [0x0000000080000000, 0x0000000100000000)
  region size 1024K, 1 young (1024K), 1 survivors (1024K)
 Metaspace       used 90476K, capacity 92507K, committed 92796K, reserved 1130496K
  class space    used 11486K, capacity 12201K, committed 12288K, reserved 1048576K
}
Event: 184.555 GC heap before
{Heap before GC invocations=97 (full 0):
 garbage-first heap   total 206848K, used 151823K [0x0000000080000000, 0x0000000100000000)
  region size 1024K, 51 young (52224K), 1 survivors (1024K)
 Metaspace       used 90560K, capacity 92585K, committed 92796K, reserved 1130496K
  class space    used 11498K, capacity 12206K, committed 12288K, reserved 1048576K
}
Event: 184.581 GC heap after
{Heap after GC invocations=98 (full 0):
 garbage-first heap   total 206848K, used 104368K [0x0000000080000000, 0x0000000100000000)
  region size 1024K, 4 young (4096K), 4 survivors (4096K)
 Metaspace       used 90560K, capacity 92585K, committed 92796K, reserved 1130496K
  class space    used 11498K, capacity 12206K, committed 12288K, reserved 1048576K
}
Event: 188.173 GC heap before
{Heap before GC invocations=98 (full 0):
 garbage-first heap   total 206848K, used 155568K [0x0000000080000000, 0x0000000100000000)
  region size 1024K, 55 young (56320K), 4 survivors (4096K)
 Metaspace       used 90591K, capacity 92593K, committed 92796K, reserved 1130496K
  class space    used 11499K, capacity 12208K, committed 12288K, reserved 1048576K
}
Event: 188.200 GC heap after
{Heap after GC invocations=99 (full 0):
 garbage-first heap   total 206848K, used 106947K [0x0000000080000000, 0x0000000100000000)
  region size 1024K, 6 young (6144K), 6 survivors (6144K)
 Metaspace       used 90591K, capacity 92593K, committed 92796K, reserved 1130496K
  class space    used 11499K, capacity 12208K, committed 12288K, reserved 1048576K
}
Event: 226.558 GC heap before
{Heap before GC invocations=99 (full 0):
 garbage-first heap   total 206848K, used 159171K [0x0000000080000000, 0x0000000100000000)
  region size 1024K, 58 young (59392K), 6 survivors (6144K)
 Metaspace       used 91193K, capacity 93188K, committed 93308K, reserved 1130496K
  class space    used 11561K, capacity 12278K, committed 12288K, reserved 1048576K
}
Event: 226.610 GC heap after
{Heap after GC invocations=100 (full 0):
 garbage-first heap   total 206848K, used 112018K [0x0000000080000000, 0x0000000100000000)
  region size 1024K, 8 young (8192K), 8 survivors (8192K)
 Metaspace       used 91193K, capacity 93188K, committed 93308K, reserved 1130496K
  class space    used 11561K, capacity 12278K, committed 12288K, reserved 1048576K
}
Event: 227.758 GC heap before
{Heap before GC invocations=100 (full 0):
 garbage-first heap   total 206848K, used 162194K [0x0000000080000000, 0x0000000100000000)
  region size 1024K, 58 young (59392K), 8 survivors (8192K)
 Metaspace       used 92024K, capacity 94023K, committed 94204K, reserved 1130496K
  class space    used 11638K, capacity 12343K, committed 12416K, reserved 1048576K
}
Event: 227.790 GC heap after
{Heap after GC invocations=101 (full 0):
 garbage-first heap   total 206848K, used 111843K [0x0000000080000000, 0x0000000100000000)
  region size 1024K, 1 young (1024K), 1 survivors (1024K)
 Metaspace       used 92024K, capacity 94023K, committed 94204K, reserved 1130496K
  class space    used 11638K, capacity 12343K, committed 12416K, reserved 1048576K
}
Event: 230.380 GC heap before
{Heap before GC invocations=101 (full 0):
 garbage-first heap   total 206848K, used 164067K [0x0000000080000000, 0x0000000100000000)
  region size 1024K, 53 young (54272K), 1 survivors (1024K)
 Metaspace       used 94085K, capacity 96188K, committed 96252K, reserved 1132544K
  class space    used 11883K, capacity 12615K, committed 12672K, reserved 1048576K
}
Event: 230.411 GC heap after
{Heap after GC invocations=102 (full 0):
 garbage-first heap   total 206848K, used 115756K [0x0000000080000000, 0x0000000100000000)
  region size 1024K, 5 young (5120K), 5 survivors (5120K)
 Metaspace       used 94085K, capacity 96188K, committed 96252K, reserved 1132544K
  class space    used 11883K, capacity 12615K, committed 12672K, reserved 1048576K
}
Event: 429.701 GC heap before
{Heap before GC invocations=103 (full 0):
 garbage-first heap   total 206848K, used 166956K [0x0000000080000000, 0x0000000100000000)
  region size 1024K, 56 young (57344K), 5 survivors (5120K)
 Metaspace       used 99489K, capacity 101796K, committed 102012K, reserved 1138688K
  class space    used 12666K, capacity 13471K, committed 13568K, reserved 1048576K
}
Event: 429.759 GC heap after
{Heap after GC invocations=104 (full 0):
 garbage-first heap   total 206848K, used 118538K [0x0000000080000000, 0x0000000100000000)
  region size 1024K, 3 young (3072K), 3 survivors (3072K)
 Metaspace       used 99489K, capacity 101796K, committed 102012K, reserved 1138688K
  class space    used 12666K, capacity 13471K, committed 13568K, reserved 1048576K
}
Event: 448.604 GC heap before
{Heap before GC invocations=104 (full 0):
 garbage-first heap   total 206848K, used 124682K [0x0000000080000000, 0x0000000100000000)
  region size 1024K, 10 young (10240K), 3 survivors (3072K)
 Metaspace       used 101328K, capacity 103687K, committed 103804K, reserved 1138688K
  class space    used 12898K, capacity 13718K, committed 13824K, reserved 1048576K
}
Event: 448.694 GC heap after
{Heap after GC invocations=105 (full 0):
 garbage-first heap   total 206848K, used 112915K [0x0000000080000000, 0x0000000100000000)
  region size 1024K, 1 young (1024K), 1 survivors (1024K)
 Metaspace       used 101328K, capacity 103687K, committed 103804K, reserved 1138688K
  class space    used 12898K, capacity 13718K, committed 13824K, reserved 1048576K
}
Event: 464.775 GC heap before
{Heap before GC invocations=105 (full 0):
 garbage-first heap   total 206848K, used 128275K [0x0000000080000000, 0x0000000100000000)
  region size 1024K, 17 young (17408K), 1 survivors (1024K)
 Metaspace       used 104897K, capacity 107345K, committed 107388K, reserved 1148928K
  class space    used 13446K, capacity 14332K, committed 14336K, reserved 1048576K
}
Event: 464.830 GC heap after
{Heap after GC invocations=106 (full 0):
 garbage-first heap   total 206848K, used 113352K [0x0000000080000000, 0x0000000100000000)
  region size 1024K, 1 young (1024K), 1 survivors (1024K)
 Metaspace       used 104897K, capacity 107345K, committed 107388K, reserved 1148928K
  class space    used 13446K, capacity 14332K, committed 14336K, reserved 1048576K
}
Event: 466.928 GC heap before
{Heap before GC invocations=107 (full 0):
 garbage-first heap   total 206848K, used 119496K [0x0000000080000000, 0x0000000100000000)
  region size 1024K, 8 young (8192K), 1 survivors (1024K)
 Metaspace       used 105663K, capacity 108183K, committed 108284K, reserved 1144832K
  class space    used 13547K, capacity 14460K, committed 14464K, reserved 1048576K
}
Event: 466.944 GC heap after
{Heap after GC invocations=108 (full 0):
 garbage-first heap   total 206848K, used 113408K [0x0000000080000000, 0x0000000100000000)
  region size 1024K, 1 young (1024K), 1 survivors (1024K)
 Metaspace       used 105663K, capacity 108183K, committed 108284K, reserved 1144832K
  class space    used 13547K, capacity 14460K, committed 14464K, reserved 1048576K
}

