# JRE version: OpenJDK Runtime Environment (11.0.8+10) (build 11.0.8+10-b944.6842174)
# Java VM: OpenJDK 64-Bit Server VM (11.0.8+10-b944.6842174, mixed mode, tiered, compressed oops, g1 gc, windows-amd64)
Heap:
 garbage-first heap   total 114688K, used 63032K [0x00000000c0000000, 0x0000000100000000)
  region size 1024K, 2 young (2048K), 2 survivors (2048K)
 Metaspace       used 61181K, capacity 61924K, committed 62080K, reserved 1103872K
  class space    used 6623K, capacity 6916K, committed 7040K, reserved 1048576K
GC Heap History (20 events):
Event: 71.499 GC heap after
{Heap after GC invocations=24 (full 0):
 garbage-first heap   total 65536K, used 46428K [0x00000000c0000000, 0x0000000100000000)
  region size 1024K, 2 young (2048K), 2 survivors (2048K)
 Metaspace       used 52386K, capacity 53037K, committed 53248K, reserved 1095680K
  class space    used 5911K, capacity 6139K, committed 6144K, reserved 1048576K
}
Event: 71.955 GC heap before
{Heap before GC invocations=24 (full 0):
 garbage-first heap   total 65536K, used 53596K [0x00000000c0000000, 0x0000000100000000)
  region size 1024K, 9 young (9216K), 2 survivors (2048K)
 Metaspace       used 52482K, capacity 53101K, committed 53248K, reserved 1095680K
  class space    used 5915K, capacity 6139K, committed 6144K, reserved 1048576K
}
Event: 71.974 GC heap after
{Heap after GC invocations=25 (full 0):
 garbage-first heap   total 65536K, used 47608K [0x00000000c0000000, 0x0000000100000000)
  region size 1024K, 2 young (2048K), 2 survivors (2048K)
 Metaspace       used 52482K, capacity 53101K, committed 53248K, reserved 1095680K
  class space    used 5915K, capacity 6139K, committed 6144K, reserved 1048576K
}
Event: 72.226 GC heap before
{Heap before GC invocations=25 (full 0):
 garbage-first heap   total 65536K, used 53752K [0x00000000c0000000, 0x0000000100000000)
  region size 1024K, 8 young (8192K), 2 survivors (2048K)
 Metaspace       used 52515K, capacity 53103K, committed 53248K, reserved 1095680K
  class space    used 5915K, capacity 6139K, committed 6144K, reserved 1048576K
}
Event: 72.243 GC heap after
{Heap after GC invocations=26 (full 0):
 garbage-first heap   total 78848K, used 48900K [0x00000000c0000000, 0x0000000100000000)
  region size 1024K, 1 young (1024K), 1 survivors (1024K)
 Metaspace       used 52515K, capacity 53103K, committed 53248K, reserved 1095680K
  class space    used 5915K, capacity 6139K, committed 6144K, reserved 1048576K
}
Event: 73.108 GC heap before
{Heap before GC invocations=27 (full 0):
 garbage-first heap   total 78848K, used 60164K [0x00000000c0000000, 0x0000000100000000)
  region size 1024K, 12 young (12288K), 1 survivors (1024K)
 Metaspace       used 52625K, capacity 53240K, committed 53248K, reserved 1095680K
  class space    used 5927K, capacity 6142K, committed 6144K, reserved 1048576K
}
Event: 73.128 GC heap after
{Heap after GC invocations=28 (full 0):
 garbage-first heap   total 78848K, used 50896K [0x00000000c0000000, 0x0000000100000000)
  region size 1024K, 2 young (2048K), 2 survivors (2048K)
 Metaspace       used 52625K, capacity 53240K, committed 53248K, reserved 1095680K
  class space    used 5927K, capacity 6142K, committed 6144K, reserved 1048576K
}
Event: 73.777 GC heap before
{Heap before GC invocations=28 (full 0):
 garbage-first heap   total 78848K, used 62160K [0x00000000c0000000, 0x0000000100000000)
  region size 1024K, 13 young (13312K), 2 survivors (2048K)
 Metaspace       used 53379K, capacity 54032K, committed 54144K, reserved 1097728K
  class space    used 6021K, capacity 6256K, committed 6272K, reserved 1048576K
}
Event: 73.792 GC heap after
{Heap after GC invocations=29 (full 0):
 garbage-first heap   total 78848K, used 51351K [0x00000000c0000000, 0x0000000100000000)
  region size 1024K, 1 young (1024K), 1 survivors (1024K)
 Metaspace       used 53379K, capacity 54032K, committed 54144K, reserved 1097728K
  class space    used 6021K, capacity 6256K, committed 6272K, reserved 1048576K
}
Event: 75.736 GC heap before
{Heap before GC invocations=30 (full 0):
 garbage-first heap   total 78848K, used 62615K [0x00000000c0000000, 0x0000000100000000)
  region size 1024K, 12 young (12288K), 1 survivors (1024K)
 Metaspace       used 54921K, capacity 55589K, committed 55680K, reserved 1097728K
  class space    used 6189K, capacity 6453K, committed 6528K, reserved 1048576K
}
Event: 75.752 GC heap after
{Heap after GC invocations=31 (full 0):
 garbage-first heap   total 78848K, used 53606K [0x00000000c0000000, 0x0000000100000000)
  region size 1024K, 2 young (2048K), 2 survivors (2048K)
 Metaspace       used 54921K, capacity 55589K, committed 55680K, reserved 1097728K
  class space    used 6189K, capacity 6453K, committed 6528K, reserved 1048576K
}
Event: 77.681 GC heap before
{Heap before GC invocations=31 (full 0):
 garbage-first heap   total 78848K, used 63846K [0x00000000c0000000, 0x0000000100000000)
  region size 1024K, 12 young (12288K), 2 survivors (2048K)
 Metaspace       used 56230K, capacity 56855K, committed 56960K, reserved 1099776K
  class space    used 6235K, capacity 6490K, committed 6528K, reserved 1048576K
}
Event: 77.716 GC heap after
{Heap after GC invocations=32 (full 0):
 garbage-first heap   total 95232K, used 55735K [0x00000000c0000000, 0x0000000100000000)
  region size 1024K, 2 young (2048K), 2 survivors (2048K)
 Metaspace       used 56230K, capacity 56855K, committed 56960K, reserved 1099776K
  class space    used 6235K, capacity 6490K, committed 6528K, reserved 1048576K
}
Event: 80.784 GC heap before
{Heap before GC invocations=33 (full 0):
 garbage-first heap   total 95232K, used 70071K [0x00000000c0000000, 0x0000000100000000)
  region size 1024K, 16 young (16384K), 2 survivors (2048K)
 Metaspace       used 57536K, capacity 58270K, committed 58368K, reserved 1101824K
  class space    used 6280K, capacity 6569K, committed 6656K, reserved 1048576K
}
Event: 80.810 GC heap after
{Heap after GC invocations=34 (full 0):
 garbage-first heap   total 95232K, used 57830K [0x00000000c0000000, 0x0000000100000000)
  region size 1024K, 2 young (2048K), 2 survivors (2048K)
 Metaspace       used 57536K, capacity 58270K, committed 58368K, reserved 1101824K
  class space    used 6280K, capacity 6569K, committed 6656K, reserved 1048576K
}
Event: 82.071 GC heap before
{Heap before GC invocations=34 (full 0):
 garbage-first heap   total 95232K, used 71142K [0x00000000c0000000, 0x0000000100000000)
  region size 1024K, 16 young (16384K), 2 survivors (2048K)
 Metaspace       used 58227K, capacity 58962K, committed 59136K, reserved 1101824K
  class space    used 6329K, capacity 6608K, committed 6656K, reserved 1048576K
}
Event: 82.107 GC heap after
{Heap after GC invocations=35 (full 0):
 garbage-first heap   total 95232K, used 60364K [0x00000000c0000000, 0x0000000100000000)
  region size 1024K, 2 young (2048K), 2 survivors (2048K)
 Metaspace       used 58227K, capacity 58962K, committed 59136K, reserved 1101824K
  class space    used 6329K, capacity 6608K, committed 6656K, reserved 1048576K
}
Event: 84.116 GC heap before
{Heap before GC invocations=36 (full 0):
 garbage-first heap   total 95232K, used 73676K [0x00000000c0000000, 0x0000000100000000)
  region size 1024K, 15 young (15360K), 2 survivors (2048K)
 Metaspace       used 59619K, capacity 60261K, committed 60544K, reserved 1103872K
  class space    used 6476K, capacity 6742K, committed 6784K, reserved 1048576K
}
Event: 84.136 GC heap after
{Heap after GC invocations=37 (full 0):
 garbage-first heap   total 95232K, used 61629K [0x00000000c0000000, 0x0000000100000000)
  region size 1024K, 2 young (2048K), 2 survivors (2048K)
 Metaspace       used 59619K, capacity 60261K, committed 60544K, reserved 1103872K
  class space    used 6476K, capacity 6742K, committed 6784K, reserved 1048576K
}
Event: 85.716 GC heap before
{Heap before GC invocations=37 (full 0):
 garbage-first heap   total 95232K, used 74941K [0x00000000c0000000, 0x0000000100000000)
  region size 1024K, 15 young (15360K), 2 survivors (2048K)
 Metaspace       used 61181K, capacity 61924K, committed 62080K, reserved 1103872K
  class space    used 6623K, capacity 6916K, committed 7040K, reserved 1048576K
}

