# JRE version: OpenJDK Runtime Environment (11.0.8+10) (build 11.0.8+10-b944.6842174)
# Java VM: OpenJDK 64-Bit Server VM (11.0.8+10-b944.6842174, mixed mode, tiered, compressed oops, g1 gc, windows-amd64)
Heap:
 garbage-first heap   total 178176K, used 95128K [0x0000000080000000, 0x0000000100000000)
  region size 1024K, 2 young (2048K), 2 survivors (2048K)
 Metaspace       used 81672K, capacity 83634K, committed 83708K, reserved 1122304K
  class space    used 10446K, capacity 11132K, committed 11136K, reserved 1048576K
GC Heap History (20 events):
Event: 117.233 GC heap after
{Heap after GC invocations=52 (full 0):
 garbage-first heap   total 114688K, used 81354K [0x0000000080000000, 0x0000000100000000)
  region size 1024K, 1 young (1024K), 1 survivors (1024K)
 Metaspace       used 81140K, capacity 83183K, committed 83196K, reserved 1122304K
  class space    used 10445K, capacity 11132K, committed 11136K, reserved 1048576K
}
Event: 117.877 GC heap before
{Heap before GC invocations=52 (full 0):
 garbage-first heap   total 114688K, used 95690K [0x0000000080000000, 0x0000000100000000)
  region size 1024K, 15 young (15360K), 1 survivors (1024K)
 Metaspace       used 81352K, capacity 83311K, committed 83452K, reserved 1122304K
  class space    used 10445K, capacity 11132K, committed 11136K, reserved 1048576K
}
Event: 117.885 GC heap after
{Heap after GC invocations=53 (full 0):
 garbage-first heap   total 114688K, used 81546K [0x0000000080000000, 0x0000000100000000)
  region size 1024K, 1 young (1024K), 1 survivors (1024K)
 Metaspace       used 81352K, capacity 83311K, committed 83452K, reserved 1122304K
  class space    used 10445K, capacity 11132K, committed 11136K, reserved 1048576K
}
Event: 118.927 GC heap before
{Heap before GC invocations=54 (full 0):
 garbage-first heap   total 114688K, used 95882K [0x0000000080000000, 0x0000000100000000)
  region size 1024K, 16 young (16384K), 1 survivors (1024K)
 Metaspace       used 81434K, capacity 83442K, committed 83452K, reserved 1122304K
  class space    used 10445K, capacity 11132K, committed 11136K, reserved 1048576K
}
Event: 118.940 GC heap after
{Heap after GC invocations=55 (full 0):
 garbage-first heap   total 114688K, used 82325K [0x0000000080000000, 0x0000000100000000)
  region size 1024K, 2 young (2048K), 2 survivors (2048K)
 Metaspace       used 81434K, capacity 83442K, committed 83452K, reserved 1122304K
  class space    used 10445K, capacity 11132K, committed 11136K, reserved 1048576K
}
Event: 119.559 GC heap before
{Heap before GC invocations=55 (full 0):
 garbage-first heap   total 114688K, used 96661K [0x0000000080000000, 0x0000000100000000)
  region size 1024K, 16 young (16384K), 2 survivors (2048K)
 Metaspace       used 81464K, capacity 83442K, committed 83452K, reserved 1122304K
  class space    used 10446K, capacity 11132K, committed 11136K, reserved 1048576K
}
Event: 119.570 GC heap after
{Heap after GC invocations=56 (full 0):
 garbage-first heap   total 114688K, used 83168K [0x0000000080000000, 0x0000000100000000)
  region size 1024K, 2 young (2048K), 2 survivors (2048K)
 Metaspace       used 81464K, capacity 83442K, committed 83452K, reserved 1122304K
  class space    used 10446K, capacity 11132K, committed 11136K, reserved 1048576K
}
Event: 120.026 GC heap before
{Heap before GC invocations=56 (full 0):
 garbage-first heap   total 114688K, used 97504K [0x0000000080000000, 0x0000000100000000)
  region size 1024K, 16 young (16384K), 2 survivors (2048K)
 Metaspace       used 81482K, capacity 83442K, committed 83452K, reserved 1122304K
  class space    used 10446K, capacity 11132K, committed 11136K, reserved 1048576K
}
Event: 120.036 GC heap after
{Heap after GC invocations=57 (full 0):
 garbage-first heap   total 114688K, used 83584K [0x0000000080000000, 0x0000000100000000)
  region size 1024K, 2 young (2048K), 2 survivors (2048K)
 Metaspace       used 81482K, capacity 83442K, committed 83452K, reserved 1122304K
  class space    used 10446K, capacity 11132K, committed 11136K, reserved 1048576K
}
Event: 120.305 GC heap before
{Heap before GC invocations=57 (full 0):
 garbage-first heap   total 114688K, used 95872K [0x0000000080000000, 0x0000000100000000)
  region size 1024K, 15 young (15360K), 2 survivors (2048K)
 Metaspace       used 81535K, capacity 83506K, committed 83708K, reserved 1122304K
  class space    used 10446K, capacity 11132K, committed 11136K, reserved 1048576K
}
Event: 120.312 GC heap after
{Heap after GC invocations=58 (full 0):
 garbage-first heap   total 138240K, used 83917K [0x0000000080000000, 0x0000000100000000)
  region size 1024K, 1 young (1024K), 1 survivors (1024K)
 Metaspace       used 81535K, capacity 83506K, committed 83708K, reserved 1122304K
  class space    used 10446K, capacity 11132K, committed 11136K, reserved 1048576K
}
Event: 121.066 GC heap before
{Heap before GC invocations=58 (full 0):
 garbage-first heap   total 138240K, used 108493K [0x0000000080000000, 0x0000000100000000)
  region size 1024K, 25 young (25600K), 1 survivors (1024K)
 Metaspace       used 81568K, capacity 83506K, committed 83708K, reserved 1122304K
  class space    used 10446K, capacity 11132K, committed 11136K, reserved 1048576K
}
Event: 121.077 GC heap after
{Heap after GC invocations=59 (full 0):
 garbage-first heap   total 138240K, used 85650K [0x0000000080000000, 0x0000000100000000)
  region size 1024K, 3 young (3072K), 3 survivors (3072K)
 Metaspace       used 81568K, capacity 83506K, committed 83708K, reserved 1122304K
  class space    used 10446K, capacity 11132K, committed 11136K, reserved 1048576K
}
Event: 121.966 GC heap before
{Heap before GC invocations=59 (full 0):
 garbage-first heap   total 138240K, used 110226K [0x0000000080000000, 0x0000000100000000)
  region size 1024K, 27 young (27648K), 3 survivors (3072K)
 Metaspace       used 81659K, capacity 83634K, committed 83708K, reserved 1122304K
  class space    used 10446K, capacity 11132K, committed 11136K, reserved 1048576K
}
Event: 121.979 GC heap after
{Heap after GC invocations=60 (full 0):
 garbage-first heap   total 138240K, used 86583K [0x0000000080000000, 0x0000000100000000)
  region size 1024K, 3 young (3072K), 3 survivors (3072K)
 Metaspace       used 81659K, capacity 83634K, committed 83708K, reserved 1122304K
  class space    used 10446K, capacity 11132K, committed 11136K, reserved 1048576K
}
Event: 122.860 GC heap before
{Heap before GC invocations=60 (full 0):
 garbage-first heap   total 138240K, used 111159K [0x0000000080000000, 0x0000000100000000)
  region size 1024K, 28 young (28672K), 3 survivors (3072K)
 Metaspace       used 81665K, capacity 83634K, committed 83708K, reserved 1122304K
  class space    used 10446K, capacity 11132K, committed 11136K, reserved 1048576K
}
Event: 122.904 GC heap after
{Heap after GC invocations=61 (full 0):
 garbage-first heap   total 138240K, used 90649K [0x0000000080000000, 0x0000000100000000)
  region size 1024K, 4 young (4096K), 4 survivors (4096K)
 Metaspace       used 81665K, capacity 83634K, committed 83708K, reserved 1122304K
  class space    used 10446K, capacity 11132K, committed 11136K, reserved 1048576K
}
Event: 123.760 GC heap before
{Heap before GC invocations=61 (full 0):
 garbage-first heap   total 138240K, used 113177K [0x0000000080000000, 0x0000000100000000)
  region size 1024K, 26 young (26624K), 4 survivors (4096K)
 Metaspace       used 81672K, capacity 83634K, committed 83708K, reserved 1122304K
  class space    used 10446K, capacity 11132K, committed 11136K, reserved 1048576K
}
Event: 123.784 GC heap after
{Heap after GC invocations=62 (full 0):
 garbage-first heap   total 138240K, used 93984K [0x0000000080000000, 0x0000000100000000)
  region size 1024K, 3 young (3072K), 3 survivors (3072K)
 Metaspace       used 81672K, capacity 83634K, committed 83708K, reserved 1122304K
  class space    used 10446K, capacity 11132K, committed 11136K, reserved 1048576K
}
Event: 124.628 GC heap before
{Heap before GC invocations=62 (full 0):
 garbage-first heap   total 138240K, used 115488K [0x0000000080000000, 0x0000000100000000)
  region size 1024K, 24 young (24576K), 3 survivors (3072K)
 Metaspace       used 81672K, capacity 83634K, committed 83708K, reserved 1122304K
  class space    used 10446K, capacity 11132K, committed 11136K, reserved 1048576K
}

